execve("./parent", ["./parent"], 0xfffff2393a00 /* 4 vars */) = 0
brk(NULL)                               = 0xaaaaeebb8000
mmap(NULL, 8192, PROT_READ|PROT_WRITE, MAP_PRIVATE|MAP_ANONYMOUS, -1, 0) = 0xffffaeac2000
faccessat(AT_FDCWD, "/etc/ld.so.preload", R_OK) = -1 ENOENT (No such file or directory)
openat(AT_FDCWD, "/etc/ld.so.cache", O_RDONLY|O_CLOEXEC) = 3
fstat(3, {st_mode=S_IFREG|0644, st_size=9167, ...}) = 0
mmap(NULL, 9167, PROT_READ, MAP_PRIVATE, 3, 0) = 0xffffaeabf000
close(3)                                = 0
openat(AT_FDCWD, "/lib/aarch64-linux-gnu/libc.so.6", O_RDONLY|O_CLOEXEC) = 3
read(3, "\177ELF\2\1\1\3\0\0\0\0\0\0\0\0\3\0\267\0\1\0\0\0\360\206\2\0\0\0\0\0"..., 832) = 832
fstat(3, {st_mode=S_IFREG|0755, st_size=1722920, ...}) = 0
mmap(NULL, 1892240, PROT_NONE, MAP_PRIVATE|MAP_ANONYMOUS|MAP_DENYWRITE, -1, 0) = 0xffffae8bc000
mmap(0xffffae8c0000, 1826704, PROT_READ|PROT_EXEC, MAP_PRIVATE|MAP_FIXED|MAP_DENYWRITE, 3, 0) = 0xffffae8c0000
munmap(0xffffae8bc000, 16384)           = 0
munmap(0xffffaea7e000, 49040)           = 0
mprotect(0xffffaea5a000, 77824, PROT_NONE) = 0
mmap(0xffffaea6d000, 20480, PROT_READ|PROT_WRITE, MAP_PRIVATE|MAP_FIXED|MAP_DENYWRITE, 3, 0x19d000) = 0xffffaea6d000
mmap(0xffffaea72000, 49040, PROT_READ|PROT_WRITE, MAP_PRIVATE|MAP_FIXED|MAP_ANONYMOUS, -1, 0) = 0xffffaea72000
close(3)                                = 0
set_tid_address(0xffffaeac2fb0)         = 9
set_robust_list(0xffffaeac2fc0, 24)     = 0
rseq(0xffffaeac3600, 0x20, 0, 0xd428bc00) = 0
mprotect(0xffffaea6d000, 12288, PROT_READ) = 0
mprotect(0xaaaab6d3f000, 4096, PROT_READ) = 0
mprotect(0xffffaeac8000, 8192, PROT_READ) = 0
prlimit64(0, RLIMIT_STACK, NULL, {rlim_cur=8192*1024, rlim_max=RLIM64_INFINITY}) = 0
munmap(0xffffaeabf000, 9167)            = 0
fstat(1, {st_mode=S_IFCHR|0620, st_rdev=makedev(0x88, 0), ...}) = 0
getrandom("\x3b\x1c\xff\x5c\x3c\x6b\x10\x19", 8, GRND_NONBLOCK) = 8
brk(NULL)                               = 0xaaaaeebb8000
brk(0xaaaaeebd9000)                     = 0xaaaaeebd9000
fstat(0, {st_mode=S_IFCHR|0620, st_rdev=makedev(0x88, 0), ...}) = 0
write(1, "File name: ", 11)             = 11
read(0, "t.txt\n", 1024)                = 6
openat(AT_FDCWD, "t.txt", O_WRONLY|O_CREAT|O_TRUNC, 0644) = 3
pipe2([4, 5], 0)                        = 0
pipe2([6, 7], 0)                        = 0
clone(child_stack=NULL, flags=CLONE_CHILD_CLEARTID|CLONE_CHILD_SETTID|SIGCHLD, child_tidptr=0xffffaeac2fb0) = 10
close(4)                                = 0
close(7)                                = 0
write(1, "String or 'e' for exit: ", 24) = 24
read(0, "ghgh\n", 1024)                 = 5
write(5, "ghgh\n", 5)                   = 5
write(1, "String or 'e' for exit: ", 24) = 24
read(0, "HJJH\n", 1024)                 = 5
write(5, "HJJH\n", 5)                   = 5
write(1, "String or 'e' for exit: ", 24) = 24
read(0, "e\n", 1024)                    = 2
close(5)                                = 0
read(6, "error ghgh\n", 512)            = 11
write(1, "error ghgh\n \n", 13)         = ? ERESTARTSYS (To be restarted if SA_RESTART is set)
--- SIGCHLD {si_signo=SIGCHLD, si_code=CLD_EXITED, si_pid=10, si_uid=0, si_status=0, si_utime=0, si_stime=0} ---
write(1, "error ghgh\n \n", 13)         = 13
read(6, "", 512)                        = 0
close(6)                                = 0
wait4(-1, NULL, 0, NULL)                = 10
exit_group(0)                           = ?
+++ exited with 0 +++
